<?xml version="1.0" encoding="UTF-8"?>
<testsuite xmlns:xsi="http://www.w3.org/2001/XMLSchema-instance" xsi:noNamespaceSchemaLocation="https://maven.apache.org/surefire/maven-surefire-plugin/xsd/surefire-test-report-3.0.xsd" version="3.0" name="com.bupt.ai.langchain4j.LLMTest" time="6.559" tests="1" errors="0" skipped="0" failures="0">
  <properties>
    <property name="java.specification.version" value="17"/>
    <property name="sun.cpu.isalist" value="amd64"/>
    <property name="sun.jnu.encoding" value="GBK"/>
    <property name="java.class.path" value="D:\Javaproject\ai-Medical-care\project\ai-langchain4j\target\test-classes;D:\Javaproject\ai-Medical-care\project\ai-langchain4j\target\classes;D:\software\maven\apache-maven-3.9.9\repository\org\springframework\boot\spring-boot-starter-web\3.2.6\spring-boot-starter-web-3.2.6.jar;D:\software\maven\apache-maven-3.9.9\repository\org\springframework\boot\spring-boot-starter\3.2.6\spring-boot-starter-3.2.6.jar;D:\software\maven\apache-maven-3.9.9\repository\org\springframework\boot\spring-boot\3.2.6\spring-boot-3.2.6.jar;D:\software\maven\apache-maven-3.9.9\repository\org\springframework\boot\spring-boot-autoconfigure\3.2.6\spring-boot-autoconfigure-3.2.6.jar;D:\software\maven\apache-maven-3.9.9\repository\org\springframework\boot\spring-boot-starter-logging\3.2.6\spring-boot-starter-logging-3.2.6.jar;D:\software\maven\apache-maven-3.9.9\repository\ch\qos\logback\logback-classic\1.4.14\logback-classic-1.4.14.jar;D:\software\maven\apache-maven-3.9.9\repository\ch\qos\logback\logback-core\1.4.14\logback-core-1.4.14.jar;D:\software\maven\apache-maven-3.9.9\repository\org\apache\logging\log4j\log4j-to-slf4j\2.21.1\log4j-to-slf4j-2.21.1.jar;D:\software\maven\apache-maven-3.9.9\repository\org\apache\logging\log4j\log4j-api\2.21.1\log4j-api-2.21.1.jar;D:\software\maven\apache-maven-3.9.9\repository\org\slf4j\jul-to-slf4j\2.0.13\jul-to-slf4j-2.0.13.jar;D:\software\maven\apache-maven-3.9.9\repository\jakarta\annotation\jakarta.annotation-api\2.1.1\jakarta.annotation-api-2.1.1.jar;D:\software\maven\apache-maven-3.9.9\repository\org\yaml\snakeyaml\2.2\snakeyaml-2.2.jar;D:\software\maven\apache-maven-3.9.9\repository\org\springframework\boot\spring-boot-starter-json\3.2.6\spring-boot-starter-json-3.2.6.jar;D:\software\maven\apache-maven-3.9.9\repository\com\fasterxml\jackson\datatype\jackson-datatype-jdk8\2.15.4\jackson-datatype-jdk8-2.15.4.jar;D:\software\maven\apache-maven-3.9.9\repository\com\fasterxml\jackson\datatype\jackson-datatype-jsr310\2.15.4\jackson-datatype-jsr310-2.15.4.jar;D:\software\maven\apache-maven-3.9.9\repository\com\fasterxml\jackson\module\jackson-module-parameter-names\2.15.4\jackson-module-parameter-names-2.15.4.jar;D:\software\maven\apache-maven-3.9.9\repository\org\springframework\boot\spring-boot-starter-tomcat\3.2.6\spring-boot-starter-tomcat-3.2.6.jar;D:\software\maven\apache-maven-3.9.9\repository\org\apache\tomcat\embed\tomcat-embed-core\10.1.24\tomcat-embed-core-10.1.24.jar;D:\software\maven\apache-maven-3.9.9\repository\org\apache\tomcat\embed\tomcat-embed-el\10.1.24\tomcat-embed-el-10.1.24.jar;D:\software\maven\apache-maven-3.9.9\repository\org\apache\tomcat\embed\tomcat-embed-websocket\10.1.24\tomcat-embed-websocket-10.1.24.jar;D:\software\maven\apache-maven-3.9.9\repository\org\springframework\spring-web\6.1.8\spring-web-6.1.8.jar;D:\software\maven\apache-maven-3.9.9\repository\org\springframework\spring-beans\6.1.8\spring-beans-6.1.8.jar;D:\software\maven\apache-maven-3.9.9\repository\io\micrometer\micrometer-observation\1.12.6\micrometer-observation-1.12.6.jar;D:\software\maven\apache-maven-3.9.9\repository\io\micrometer\micrometer-commons\1.12.6\micrometer-commons-1.12.6.jar;D:\software\maven\apache-maven-3.9.9\repository\org\springframework\spring-webmvc\6.1.8\spring-webmvc-6.1.8.jar;D:\software\maven\apache-maven-3.9.9\repository\org\springframework\spring-aop\6.1.8\spring-aop-6.1.8.jar;D:\software\maven\apache-maven-3.9.9\repository\org\springframework\spring-context\6.1.8\spring-context-6.1.8.jar;D:\software\maven\apache-maven-3.9.9\repository\org\springframework\spring-expression\6.1.8\spring-expression-6.1.8.jar;D:\software\maven\apache-maven-3.9.9\repository\org\springframework\boot\spring-boot-starter-test\3.2.6\spring-boot-starter-test-3.2.6.jar;D:\software\maven\apache-maven-3.9.9\repository\org\springframework\boot\spring-boot-test\3.2.6\spring-boot-test-3.2.6.jar;D:\software\maven\apache-maven-3.9.9\repository\org\springframework\boot\spring-boot-test-autoconfigure\3.2.6\spring-boot-test-autoconfigure-3.2.6.jar;D:\software\maven\apache-maven-3.9.9\repository\com\jayway\jsonpath\json-path\2.9.0\json-path-2.9.0.jar;D:\software\maven\apache-maven-3.9.9\repository\org\slf4j\slf4j-api\2.0.13\slf4j-api-2.0.13.jar;D:\software\maven\apache-maven-3.9.9\repository\jakarta\xml\bind\jakarta.xml.bind-api\4.0.2\jakarta.xml.bind-api-4.0.2.jar;D:\software\maven\apache-maven-3.9.9\repository\jakarta\activation\jakarta.activation-api\2.1.3\jakarta.activation-api-2.1.3.jar;D:\software\maven\apache-maven-3.9.9\repository\net\minidev\json-smart\2.5.1\json-smart-2.5.1.jar;D:\software\maven\apache-maven-3.9.9\repository\net\minidev\accessors-smart\2.5.1\accessors-smart-2.5.1.jar;D:\software\maven\apache-maven-3.9.9\repository\org\ow2\asm\asm\9.6\asm-9.6.jar;D:\software\maven\apache-maven-3.9.9\repository\org\assertj\assertj-core\3.24.2\assertj-core-3.24.2.jar;D:\software\maven\apache-maven-3.9.9\repository\net\bytebuddy\byte-buddy\1.14.16\byte-buddy-1.14.16.jar;D:\software\maven\apache-maven-3.9.9\repository\org\awaitility\awaitility\4.2.1\awaitility-4.2.1.jar;D:\software\maven\apache-maven-3.9.9\repository\org\hamcrest\hamcrest\2.2\hamcrest-2.2.jar;D:\software\maven\apache-maven-3.9.9\repository\org\junit\jupiter\junit-jupiter\5.10.2\junit-jupiter-5.10.2.jar;D:\software\maven\apache-maven-3.9.9\repository\org\junit\jupiter\junit-jupiter-api\5.10.2\junit-jupiter-api-5.10.2.jar;D:\software\maven\apache-maven-3.9.9\repository\org\opentest4j\opentest4j\1.3.0\opentest4j-1.3.0.jar;D:\software\maven\apache-maven-3.9.9\repository\org\junit\platform\junit-platform-commons\1.10.2\junit-platform-commons-1.10.2.jar;D:\software\maven\apache-maven-3.9.9\repository\org\apiguardian\apiguardian-api\1.1.2\apiguardian-api-1.1.2.jar;D:\software\maven\apache-maven-3.9.9\repository\org\junit\jupiter\junit-jupiter-params\5.10.2\junit-jupiter-params-5.10.2.jar;D:\software\maven\apache-maven-3.9.9\repository\org\junit\jupiter\junit-jupiter-engine\5.10.2\junit-jupiter-engine-5.10.2.jar;D:\software\maven\apache-maven-3.9.9\repository\org\junit\platform\junit-platform-engine\1.10.2\junit-platform-engine-1.10.2.jar;D:\software\maven\apache-maven-3.9.9\repository\org\mockito\mockito-core\5.7.0\mockito-core-5.7.0.jar;D:\software\maven\apache-maven-3.9.9\repository\net\bytebuddy\byte-buddy-agent\1.14.16\byte-buddy-agent-1.14.16.jar;D:\software\maven\apache-maven-3.9.9\repository\org\objenesis\objenesis\3.3\objenesis-3.3.jar;D:\software\maven\apache-maven-3.9.9\repository\org\mockito\mockito-junit-jupiter\5.7.0\mockito-junit-jupiter-5.7.0.jar;D:\software\maven\apache-maven-3.9.9\repository\org\skyscreamer\jsonassert\1.5.1\jsonassert-1.5.1.jar;D:\software\maven\apache-maven-3.9.9\repository\com\vaadin\external\google\android-json\0.0.20131108.vaadin1\android-json-0.0.20131108.vaadin1.jar;D:\software\maven\apache-maven-3.9.9\repository\org\springframework\spring-core\6.1.8\spring-core-6.1.8.jar;D:\software\maven\apache-maven-3.9.9\repository\org\springframework\spring-jcl\6.1.8\spring-jcl-6.1.8.jar;D:\software\maven\apache-maven-3.9.9\repository\org\springframework\spring-test\6.1.8\spring-test-6.1.8.jar;D:\software\maven\apache-maven-3.9.9\repository\org\xmlunit\xmlunit-core\2.9.1\xmlunit-core-2.9.1.jar;D:\software\maven\apache-maven-3.9.9\repository\com\github\xiaoymin\knife4j-openapi3-jakarta-spring-boot-starter\4.3.0\knife4j-openapi3-jakarta-spring-boot-starter-4.3.0.jar;D:\software\maven\apache-maven-3.9.9\repository\com\github\xiaoymin\knife4j-core\4.3.0\knife4j-core-4.3.0.jar;D:\software\maven\apache-maven-3.9.9\repository\com\github\xiaoymin\knife4j-openapi3-ui\4.3.0\knife4j-openapi3-ui-4.3.0.jar;D:\software\maven\apache-maven-3.9.9\repository\org\springdoc\springdoc-openapi-starter-webmvc-ui\2.0.4\springdoc-openapi-starter-webmvc-ui-2.0.4.jar;D:\software\maven\apache-maven-3.9.9\repository\org\springdoc\springdoc-openapi-starter-webmvc-api\2.0.4\springdoc-openapi-starter-webmvc-api-2.0.4.jar;D:\software\maven\apache-maven-3.9.9\repository\org\springdoc\springdoc-openapi-starter-common\2.0.4\springdoc-openapi-starter-common-2.0.4.jar;D:\software\maven\apache-maven-3.9.9\repository\io\swagger\core\v3\swagger-core-jakarta\2.2.8\swagger-core-jakarta-2.2.8.jar;D:\software\maven\apache-maven-3.9.9\repository\org\apache\commons\commons-lang3\3.13.0\commons-lang3-3.13.0.jar;D:\software\maven\apache-maven-3.9.9\repository\io\swagger\core\v3\swagger-annotations-jakarta\2.2.8\swagger-annotations-jakarta-2.2.8.jar;D:\software\maven\apache-maven-3.9.9\repository\io\swagger\core\v3\swagger-models-jakarta\2.2.8\swagger-models-jakarta-2.2.8.jar;D:\software\maven\apache-maven-3.9.9\repository\jakarta\validation\jakarta.validation-api\3.0.2\jakarta.validation-api-3.0.2.jar;D:\software\maven\apache-maven-3.9.9\repository\com\fasterxml\jackson\dataformat\jackson-dataformat-yaml\2.15.4\jackson-dataformat-yaml-2.15.4.jar;D:\software\maven\apache-maven-3.9.9\repository\org\webjars\swagger-ui\4.18.1\swagger-ui-4.18.1.jar;D:\software\maven\apache-maven-3.9.9\repository\org\webjars\webjars-locator-core\0.55\webjars-locator-core-0.55.jar;D:\software\maven\apache-maven-3.9.9\repository\io\github\classgraph\classgraph\4.8.149\classgraph-4.8.149.jar;D:\software\maven\apache-maven-3.9.9\repository\dev\langchain4j\langchain4j-open-ai\1.0.0-beta3\langchain4j-open-ai-1.0.0-beta3.jar;D:\software\maven\apache-maven-3.9.9\repository\dev\langchain4j\langchain4j-core\1.0.0-beta3\langchain4j-core-1.0.0-beta3.jar;D:\software\maven\apache-maven-3.9.9\repository\org\jspecify\jspecify\1.0.0\jspecify-1.0.0.jar;D:\software\maven\apache-maven-3.9.9\repository\dev\langchain4j\langchain4j-http-client-jdk\1.0.0-beta3\langchain4j-http-client-jdk-1.0.0-beta3.jar;D:\software\maven\apache-maven-3.9.9\repository\dev\langchain4j\langchain4j-http-client\1.0.0-beta3\langchain4j-http-client-1.0.0-beta3.jar;D:\software\maven\apache-maven-3.9.9\repository\com\fasterxml\jackson\core\jackson-databind\2.15.4\jackson-databind-2.15.4.jar;D:\software\maven\apache-maven-3.9.9\repository\com\fasterxml\jackson\core\jackson-annotations\2.15.4\jackson-annotations-2.15.4.jar;D:\software\maven\apache-maven-3.9.9\repository\com\fasterxml\jackson\core\jackson-core\2.15.4\jackson-core-2.15.4.jar;D:\software\maven\apache-maven-3.9.9\repository\com\knuddels\jtokkit\1.1.0\jtokkit-1.1.0.jar;"/>
    <property name="java.vm.vendor" value="Oracle Corporation"/>
    <property name="sun.arch.data.model" value="64"/>
    <property name="user.variant" value=""/>
    <property name="java.vendor.url" value="https://java.oracle.com/"/>
    <property name="user.timezone" value="Asia/Shanghai"/>
    <property name="os.name" value="Windows 11"/>
    <property name="java.vm.specification.version" value="17"/>
    <property name="sun.java.launcher" value="SUN_STANDARD"/>
    <property name="user.country" value="CN"/>
    <property name="sun.boot.library.path" value="D:\environment\jdk\jdk17\bin"/>
    <property name="sun.java.command" value="C:\Users\郭佳运\AppData\Local\Temp\surefire13840735292037281940\surefirebooter-20250501235913149_3.jar C:\Users\郭佳运\AppData\Local\Temp\surefire13840735292037281940 2025-05-01T23-59-10_996-jvmRun1 surefire-20250501235913149_1tmp surefire_0-20250501235913149_2tmp"/>
    <property name="jdk.debug" value="release"/>
    <property name="surefire.test.class.path" value="D:\Javaproject\ai-Medical-care\project\ai-langchain4j\target\test-classes;D:\Javaproject\ai-Medical-care\project\ai-langchain4j\target\classes;D:\software\maven\apache-maven-3.9.9\repository\org\springframework\boot\spring-boot-starter-web\3.2.6\spring-boot-starter-web-3.2.6.jar;D:\software\maven\apache-maven-3.9.9\repository\org\springframework\boot\spring-boot-starter\3.2.6\spring-boot-starter-3.2.6.jar;D:\software\maven\apache-maven-3.9.9\repository\org\springframework\boot\spring-boot\3.2.6\spring-boot-3.2.6.jar;D:\software\maven\apache-maven-3.9.9\repository\org\springframework\boot\spring-boot-autoconfigure\3.2.6\spring-boot-autoconfigure-3.2.6.jar;D:\software\maven\apache-maven-3.9.9\repository\org\springframework\boot\spring-boot-starter-logging\3.2.6\spring-boot-starter-logging-3.2.6.jar;D:\software\maven\apache-maven-3.9.9\repository\ch\qos\logback\logback-classic\1.4.14\logback-classic-1.4.14.jar;D:\software\maven\apache-maven-3.9.9\repository\ch\qos\logback\logback-core\1.4.14\logback-core-1.4.14.jar;D:\software\maven\apache-maven-3.9.9\repository\org\apache\logging\log4j\log4j-to-slf4j\2.21.1\log4j-to-slf4j-2.21.1.jar;D:\software\maven\apache-maven-3.9.9\repository\org\apache\logging\log4j\log4j-api\2.21.1\log4j-api-2.21.1.jar;D:\software\maven\apache-maven-3.9.9\repository\org\slf4j\jul-to-slf4j\2.0.13\jul-to-slf4j-2.0.13.jar;D:\software\maven\apache-maven-3.9.9\repository\jakarta\annotation\jakarta.annotation-api\2.1.1\jakarta.annotation-api-2.1.1.jar;D:\software\maven\apache-maven-3.9.9\repository\org\yaml\snakeyaml\2.2\snakeyaml-2.2.jar;D:\software\maven\apache-maven-3.9.9\repository\org\springframework\boot\spring-boot-starter-json\3.2.6\spring-boot-starter-json-3.2.6.jar;D:\software\maven\apache-maven-3.9.9\repository\com\fasterxml\jackson\datatype\jackson-datatype-jdk8\2.15.4\jackson-datatype-jdk8-2.15.4.jar;D:\software\maven\apache-maven-3.9.9\repository\com\fasterxml\jackson\datatype\jackson-datatype-jsr310\2.15.4\jackson-datatype-jsr310-2.15.4.jar;D:\software\maven\apache-maven-3.9.9\repository\com\fasterxml\jackson\module\jackson-module-parameter-names\2.15.4\jackson-module-parameter-names-2.15.4.jar;D:\software\maven\apache-maven-3.9.9\repository\org\springframework\boot\spring-boot-starter-tomcat\3.2.6\spring-boot-starter-tomcat-3.2.6.jar;D:\software\maven\apache-maven-3.9.9\repository\org\apache\tomcat\embed\tomcat-embed-core\10.1.24\tomcat-embed-core-10.1.24.jar;D:\software\maven\apache-maven-3.9.9\repository\org\apache\tomcat\embed\tomcat-embed-el\10.1.24\tomcat-embed-el-10.1.24.jar;D:\software\maven\apache-maven-3.9.9\repository\org\apache\tomcat\embed\tomcat-embed-websocket\10.1.24\tomcat-embed-websocket-10.1.24.jar;D:\software\maven\apache-maven-3.9.9\repository\org\springframework\spring-web\6.1.8\spring-web-6.1.8.jar;D:\software\maven\apache-maven-3.9.9\repository\org\springframework\spring-beans\6.1.8\spring-beans-6.1.8.jar;D:\software\maven\apache-maven-3.9.9\repository\io\micrometer\micrometer-observation\1.12.6\micrometer-observation-1.12.6.jar;D:\software\maven\apache-maven-3.9.9\repository\io\micrometer\micrometer-commons\1.12.6\micrometer-commons-1.12.6.jar;D:\software\maven\apache-maven-3.9.9\repository\org\springframework\spring-webmvc\6.1.8\spring-webmvc-6.1.8.jar;D:\software\maven\apache-maven-3.9.9\repository\org\springframework\spring-aop\6.1.8\spring-aop-6.1.8.jar;D:\software\maven\apache-maven-3.9.9\repository\org\springframework\spring-context\6.1.8\spring-context-6.1.8.jar;D:\software\maven\apache-maven-3.9.9\repository\org\springframework\spring-expression\6.1.8\spring-expression-6.1.8.jar;D:\software\maven\apache-maven-3.9.9\repository\org\springframework\boot\spring-boot-starter-test\3.2.6\spring-boot-starter-test-3.2.6.jar;D:\software\maven\apache-maven-3.9.9\repository\org\springframework\boot\spring-boot-test\3.2.6\spring-boot-test-3.2.6.jar;D:\software\maven\apache-maven-3.9.9\repository\org\springframework\boot\spring-boot-test-autoconfigure\3.2.6\spring-boot-test-autoconfigure-3.2.6.jar;D:\software\maven\apache-maven-3.9.9\repository\com\jayway\jsonpath\json-path\2.9.0\json-path-2.9.0.jar;D:\software\maven\apache-maven-3.9.9\repository\org\slf4j\slf4j-api\2.0.13\slf4j-api-2.0.13.jar;D:\software\maven\apache-maven-3.9.9\repository\jakarta\xml\bind\jakarta.xml.bind-api\4.0.2\jakarta.xml.bind-api-4.0.2.jar;D:\software\maven\apache-maven-3.9.9\repository\jakarta\activation\jakarta.activation-api\2.1.3\jakarta.activation-api-2.1.3.jar;D:\software\maven\apache-maven-3.9.9\repository\net\minidev\json-smart\2.5.1\json-smart-2.5.1.jar;D:\software\maven\apache-maven-3.9.9\repository\net\minidev\accessors-smart\2.5.1\accessors-smart-2.5.1.jar;D:\software\maven\apache-maven-3.9.9\repository\org\ow2\asm\asm\9.6\asm-9.6.jar;D:\software\maven\apache-maven-3.9.9\repository\org\assertj\assertj-core\3.24.2\assertj-core-3.24.2.jar;D:\software\maven\apache-maven-3.9.9\repository\net\bytebuddy\byte-buddy\1.14.16\byte-buddy-1.14.16.jar;D:\software\maven\apache-maven-3.9.9\repository\org\awaitility\awaitility\4.2.1\awaitility-4.2.1.jar;D:\software\maven\apache-maven-3.9.9\repository\org\hamcrest\hamcrest\2.2\hamcrest-2.2.jar;D:\software\maven\apache-maven-3.9.9\repository\org\junit\jupiter\junit-jupiter\5.10.2\junit-jupiter-5.10.2.jar;D:\software\maven\apache-maven-3.9.9\repository\org\junit\jupiter\junit-jupiter-api\5.10.2\junit-jupiter-api-5.10.2.jar;D:\software\maven\apache-maven-3.9.9\repository\org\opentest4j\opentest4j\1.3.0\opentest4j-1.3.0.jar;D:\software\maven\apache-maven-3.9.9\repository\org\junit\platform\junit-platform-commons\1.10.2\junit-platform-commons-1.10.2.jar;D:\software\maven\apache-maven-3.9.9\repository\org\apiguardian\apiguardian-api\1.1.2\apiguardian-api-1.1.2.jar;D:\software\maven\apache-maven-3.9.9\repository\org\junit\jupiter\junit-jupiter-params\5.10.2\junit-jupiter-params-5.10.2.jar;D:\software\maven\apache-maven-3.9.9\repository\org\junit\jupiter\junit-jupiter-engine\5.10.2\junit-jupiter-engine-5.10.2.jar;D:\software\maven\apache-maven-3.9.9\repository\org\junit\platform\junit-platform-engine\1.10.2\junit-platform-engine-1.10.2.jar;D:\software\maven\apache-maven-3.9.9\repository\org\mockito\mockito-core\5.7.0\mockito-core-5.7.0.jar;D:\software\maven\apache-maven-3.9.9\repository\net\bytebuddy\byte-buddy-agent\1.14.16\byte-buddy-agent-1.14.16.jar;D:\software\maven\apache-maven-3.9.9\repository\org\objenesis\objenesis\3.3\objenesis-3.3.jar;D:\software\maven\apache-maven-3.9.9\repository\org\mockito\mockito-junit-jupiter\5.7.0\mockito-junit-jupiter-5.7.0.jar;D:\software\maven\apache-maven-3.9.9\repository\org\skyscreamer\jsonassert\1.5.1\jsonassert-1.5.1.jar;D:\software\maven\apache-maven-3.9.9\repository\com\vaadin\external\google\android-json\0.0.20131108.vaadin1\android-json-0.0.20131108.vaadin1.jar;D:\software\maven\apache-maven-3.9.9\repository\org\springframework\spring-core\6.1.8\spring-core-6.1.8.jar;D:\software\maven\apache-maven-3.9.9\repository\org\springframework\spring-jcl\6.1.8\spring-jcl-6.1.8.jar;D:\software\maven\apache-maven-3.9.9\repository\org\springframework\spring-test\6.1.8\spring-test-6.1.8.jar;D:\software\maven\apache-maven-3.9.9\repository\org\xmlunit\xmlunit-core\2.9.1\xmlunit-core-2.9.1.jar;D:\software\maven\apache-maven-3.9.9\repository\com\github\xiaoymin\knife4j-openapi3-jakarta-spring-boot-starter\4.3.0\knife4j-openapi3-jakarta-spring-boot-starter-4.3.0.jar;D:\software\maven\apache-maven-3.9.9\repository\com\github\xiaoymin\knife4j-core\4.3.0\knife4j-core-4.3.0.jar;D:\software\maven\apache-maven-3.9.9\repository\com\github\xiaoymin\knife4j-openapi3-ui\4.3.0\knife4j-openapi3-ui-4.3.0.jar;D:\software\maven\apache-maven-3.9.9\repository\org\springdoc\springdoc-openapi-starter-webmvc-ui\2.0.4\springdoc-openapi-starter-webmvc-ui-2.0.4.jar;D:\software\maven\apache-maven-3.9.9\repository\org\springdoc\springdoc-openapi-starter-webmvc-api\2.0.4\springdoc-openapi-starter-webmvc-api-2.0.4.jar;D:\software\maven\apache-maven-3.9.9\repository\org\springdoc\springdoc-openapi-starter-common\2.0.4\springdoc-openapi-starter-common-2.0.4.jar;D:\software\maven\apache-maven-3.9.9\repository\io\swagger\core\v3\swagger-core-jakarta\2.2.8\swagger-core-jakarta-2.2.8.jar;D:\software\maven\apache-maven-3.9.9\repository\org\apache\commons\commons-lang3\3.13.0\commons-lang3-3.13.0.jar;D:\software\maven\apache-maven-3.9.9\repository\io\swagger\core\v3\swagger-annotations-jakarta\2.2.8\swagger-annotations-jakarta-2.2.8.jar;D:\software\maven\apache-maven-3.9.9\repository\io\swagger\core\v3\swagger-models-jakarta\2.2.8\swagger-models-jakarta-2.2.8.jar;D:\software\maven\apache-maven-3.9.9\repository\jakarta\validation\jakarta.validation-api\3.0.2\jakarta.validation-api-3.0.2.jar;D:\software\maven\apache-maven-3.9.9\repository\com\fasterxml\jackson\dataformat\jackson-dataformat-yaml\2.15.4\jackson-dataformat-yaml-2.15.4.jar;D:\software\maven\apache-maven-3.9.9\repository\org\webjars\swagger-ui\4.18.1\swagger-ui-4.18.1.jar;D:\software\maven\apache-maven-3.9.9\repository\org\webjars\webjars-locator-core\0.55\webjars-locator-core-0.55.jar;D:\software\maven\apache-maven-3.9.9\repository\io\github\classgraph\classgraph\4.8.149\classgraph-4.8.149.jar;D:\software\maven\apache-maven-3.9.9\repository\dev\langchain4j\langchain4j-open-ai\1.0.0-beta3\langchain4j-open-ai-1.0.0-beta3.jar;D:\software\maven\apache-maven-3.9.9\repository\dev\langchain4j\langchain4j-core\1.0.0-beta3\langchain4j-core-1.0.0-beta3.jar;D:\software\maven\apache-maven-3.9.9\repository\org\jspecify\jspecify\1.0.0\jspecify-1.0.0.jar;D:\software\maven\apache-maven-3.9.9\repository\dev\langchain4j\langchain4j-http-client-jdk\1.0.0-beta3\langchain4j-http-client-jdk-1.0.0-beta3.jar;D:\software\maven\apache-maven-3.9.9\repository\dev\langchain4j\langchain4j-http-client\1.0.0-beta3\langchain4j-http-client-1.0.0-beta3.jar;D:\software\maven\apache-maven-3.9.9\repository\com\fasterxml\jackson\core\jackson-databind\2.15.4\jackson-databind-2.15.4.jar;D:\software\maven\apache-maven-3.9.9\repository\com\fasterxml\jackson\core\jackson-annotations\2.15.4\jackson-annotations-2.15.4.jar;D:\software\maven\apache-maven-3.9.9\repository\com\fasterxml\jackson\core\jackson-core\2.15.4\jackson-core-2.15.4.jar;D:\software\maven\apache-maven-3.9.9\repository\com\knuddels\jtokkit\1.1.0\jtokkit-1.1.0.jar;"/>
    <property name="sun.cpu.endian" value="little"/>
    <property name="user.home" value="C:\Users\郭佳运"/>
    <property name="user.language" value="zh"/>
    <property name="java.specification.vendor" value="Oracle Corporation"/>
    <property name="java.version.date" value="2024-10-15"/>
    <property name="java.home" value="D:\environment\jdk\jdk17"/>
    <property name="file.separator" value="\"/>
    <property name="basedir" value="D:\Javaproject\ai-Medical-care\project\ai-langchain4j"/>
    <property name="java.vm.compressedOopsMode" value="Zero based"/>
    <property name="line.separator" value="&#10;"/>
    <property name="java.vm.specification.vendor" value="Oracle Corporation"/>
    <property name="java.specification.name" value="Java Platform API Specification"/>
    <property name="FILE_LOG_CHARSET" value="GBK"/>
    <property name="java.awt.headless" value="true"/>
    <property name="surefire.real.class.path" value="C:\Users\郭佳运\AppData\Local\Temp\surefire13840735292037281940\surefirebooter-20250501235913149_3.jar"/>
    <property name="user.script" value=""/>
    <property name="sun.management.compiler" value="HotSpot 64-Bit Tiered Compilers"/>
    <property name="java.runtime.version" value="17.0.13+10-LTS-268"/>
    <property name="user.name" value="郭佳运"/>
    <property name="path.separator" value=";"/>
    <property name="os.version" value="10.0"/>
    <property name="java.runtime.name" value="Java(TM) SE Runtime Environment"/>
    <property name="file.encoding" value="GBK"/>
    <property name="java.vm.name" value="Java HotSpot(TM) 64-Bit Server VM"/>
    <property name="localRepository" value="D:\software\maven\apache-maven-3.9.9\repository"/>
    <property name="java.vendor.url.bug" value="https://bugreport.java.com/bugreport/"/>
    <property name="java.io.tmpdir" value="C:\Users\郭佳运\AppData\Local\Temp\"/>
    <property name="idea.version" value="2023.3"/>
    <property name="java.version" value="17.0.13"/>
    <property name="user.dir" value="D:\Javaproject\ai-Medical-care\project\ai-langchain4j"/>
    <property name="os.arch" value="amd64"/>
    <property name="java.vm.specification.name" value="Java Virtual Machine Specification"/>
    <property name="PID" value="42076"/>
    <property name="sun.os.patch.level" value=""/>
    <property name="CONSOLE_LOG_CHARSET" value="GBK"/>
    <property name="native.encoding" value="GBK"/>
    <property name="java.library.path" value="D:\environment\jdk\jdk17\bin;C:\Windows\Sun\Java\bin;C:\Windows\system32;C:\Windows;D:\software\anaconda\anaconda2024\condabin;D:\environment\jdk\jdk17\bin;D:\software\vmware\vmware\bin\;C:\Program Files\Common Files\Oracle\Java\javapath;C:\Windows\system32;C:\Windows;C:\Windows\System32\Wbem;C:\Windows\System32\WindowsPowerShell\v1.0\;C:\Windows\System32\OpenSSH\;C:\Program Files (x86)\NVIDIA Corporation\PhysX\Common;C:\Program Files\NVIDIA Corporation\NVIDIA NvDLISR;D:\software\anaconda\anaconda2024;D:\software\anaconda\anaconda2024\Scripts;D:\software\anaconda\anaconda2024\Library\bin;C:\Program Files\MySQL\MySQL Server 8.0\bin;D:\software\vscode\vscode1.94\Microsoft VS Code\bin;D:\software\xshell\;D:\software\xftp\;D:\software\maven\apache-maven-3.9.9\bin;D:\software\node.js\;D:\software\node.js\node_global\node_modules;D:\software\git\Git\cmd;D:\Javaproject\代驾项目\开发者工具_司机\微信web开发者工具\dll;D:\Javaproject\代驾项目\开发者工具_乘客\微信web开发者工具\dll;C:\Program Files\dotnet\;D:\software\jmeter\apache-jmeter-5.6.3\bin;C:\Program Files\WireGuard\;D:\environment\python\python3.13\Scripts\;D:\environment\python\python3.13\;C:\Users\郭佳运\AppData\Local\Microsoft\WindowsApps;%PyCharm Community Edition%;D:\software\idea\idea2023\IntelliJ IDEA 2023.3\bin;;D:\software\pycharm\pycharm2023\PyCharm 2023.3.7\bin;;D:\software\node.js\node_global;C:\Users\郭佳运\AppData\Local\GitHubDesktop\bin;."/>
    <property name="java.vm.info" value="mixed mode, sharing"/>
    <property name="java.vendor" value="Oracle Corporation"/>
    <property name="java.vm.version" value="17.0.13+10-LTS-268"/>
    <property name="java.specification.maintenance.version" value="1"/>
    <property name="sun.io.unicode.encoding" value="UnicodeLittle"/>
    <property name="maven.repo.local" value="D:\software\maven\apache-maven-3.9.9\repository"/>
    <property name="java.class.version" value="61.0"/>
  </properties>
  <testcase name="testGPT" classname="com.bupt.ai.langchain4j.LLMTest" time="4.073">
    <system-out><![CDATA[23:59:13.654 [main] INFO org.springframework.test.context.support.AnnotationConfigContextLoaderUtils -- Could not detect default configuration classes for test class [com.bupt.ai.langchain4j.LLMTest]: LLMTest does not declare any static, non-private, non-final, nested classes annotated with @Configuration.
23:59:13.711 [main] INFO org.springframework.boot.test.context.SpringBootTestContextBootstrapper -- Found @SpringBootConfiguration com.bupt.ai.langchain4j.MedicalCareApp for test class com.bupt.ai.langchain4j.LLMTest

  .   ____          _            __ _ _
 /\\ / ___'_ __ _ _(_)_ __  __ _ \ \ \ \
( ( )\___ | '_ | '_| | '_ \/ _` | \ \ \ \
 \\/  ___)| |_)| | | | | || (_| |  ) ) ) )
  '  |____| .__|_| |_|_| |_\__, | / / / /
 =========|_|==============|___/=/_/_/_/
 :: Spring Boot ::                (v3.2.6)

2025-05-01T23:59:13.966+08:00  INFO 42076 --- [           main] com.bupt.ai.langchain4j.LLMTest          : Starting LLMTest using Java 17.0.13 with PID 42076 (started by 郭佳运 in D:\Javaproject\ai-Medical-care\project\ai-langchain4j)
2025-05-01T23:59:13.967+08:00  INFO 42076 --- [           main] com.bupt.ai.langchain4j.LLMTest          : No active profile set, falling back to 1 default profile: "default"
2025-05-01T23:59:16.028+08:00  INFO 42076 --- [           main] com.bupt.ai.langchain4j.LLMTest          : Started LLMTest in 2.216 seconds (process running for 2.784)
我是一个人工智能助手，旨在回答问题和提供信息。有什么我可以帮助你的吗？
]]></system-out>
  </testcase>
</testsuite>